2023-03-12 10:20:04.776 [background-preinit] INFO  org.hibernate.validator.internal.util.Version:21 - HV000001: Hibernate Validator 6.2.3.Final
2023-03-12 10:20:04.797 [main] INFO  org.jeecg.SampleTest:55 - Starting SampleTest using Java 1.8.0_345 on DESKTOP-DKK06UJ with PID 11196 (started by 86135 in F:\jeecg-boot-master\jeecg-boot-master\jeecg-boot\jeecg-boot-module-system)
2023-03-12 10:20:04.798 [main] INFO  org.jeecg.SampleTest:646 - The following 1 profile is active: "dev"
2023-03-12 10:20:07.023 [main] INFO  o.s.d.r.config.RepositoryConfigurationDelegate:262 - Multiple Spring Data modules found, entering strict repository configuration mode!
2023-03-12 10:20:07.034 [main] INFO  o.s.d.r.config.RepositoryConfigurationDelegate:132 - Bootstrapping Spring Data Redis repositories in DEFAULT mode.
2023-03-12 10:20:07.132 [main] INFO  o.s.d.r.config.RepositoryConfigurationDelegate:201 - Finished Spring Data repository scanning in 83 ms. Found 0 Redis repository interfaces.
2023-03-12 10:20:07.310 [main] INFO  o.j.minidao.auto.MinidaoAutoConfiguration:23 -  ******************* init miniDao config [ begin ] *********************** 
2023-03-12 10:20:07.311 [main] INFO  o.j.minidao.auto.MinidaoAutoConfiguration:25 -  ------ minidao.base-package ------- org.jeecg.modules.jmreport.*
2023-03-12 10:20:07.313 [main] INFO  o.j.minidao.auto.MinidaoAutoConfiguration:42 -  *******************  init miniDao config  [ end ] *********************** 
2023-03-12 10:20:07.384 [main] INFO  o.j.minidao.factory.MiniDaoClassPathMapperScanner:48 - register minidao name is { org.jeecg.modules.jmreport.desreport.dao.JimuReportDao }
2023-03-12 10:20:07.384 [main] INFO  o.j.minidao.factory.MiniDaoClassPathMapperScanner:48 - register minidao name is { org.jeecg.modules.jmreport.desreport.dao.JimuReportDataSourceDao }
2023-03-12 10:20:07.385 [main] INFO  o.j.minidao.factory.MiniDaoClassPathMapperScanner:48 - register minidao name is { org.jeecg.modules.jmreport.desreport.dao.JimuReportDbDao }
2023-03-12 10:20:07.385 [main] INFO  o.j.minidao.factory.MiniDaoClassPathMapperScanner:48 - register minidao name is { org.jeecg.modules.jmreport.desreport.dao.JimuReportDbFieldDao }
2023-03-12 10:20:07.385 [main] INFO  o.j.minidao.factory.MiniDaoClassPathMapperScanner:48 - register minidao name is { org.jeecg.modules.jmreport.desreport.dao.JimuReportDbParamDao }
2023-03-12 10:20:07.385 [main] INFO  o.j.minidao.factory.MiniDaoClassPathMapperScanner:48 - register minidao name is { org.jeecg.modules.jmreport.desreport.dao.JimuReportDictDao }
2023-03-12 10:20:07.386 [main] INFO  o.j.minidao.factory.MiniDaoClassPathMapperScanner:48 - register minidao name is { org.jeecg.modules.jmreport.desreport.dao.JimuReportDictItemDao }
2023-03-12 10:20:07.386 [main] INFO  o.j.minidao.factory.MiniDaoClassPathMapperScanner:48 - register minidao name is { org.jeecg.modules.jmreport.desreport.dao.JimuReportLinkDao }
2023-03-12 10:20:07.386 [main] INFO  o.j.minidao.factory.MiniDaoClassPathMapperScanner:48 - register minidao name is { org.jeecg.modules.jmreport.desreport.dao.JimuReportMapDao }
2023-03-12 10:20:07.386 [main] INFO  o.j.minidao.factory.MiniDaoClassPathMapperScanner:48 - register minidao name is { org.jeecg.modules.jmreport.desreport.dao.JimuReportShareDao }
2023-03-12 10:20:08.165 [main] INFO  o.s.c.s.PostProcessorRegistrationDelegate$BeanPostProcessorChecker:376 - Bean '(inner bean)#606b53a3#9' of type [org.jeecgframework.minidao.aop.MiniDaoHandler] is not eligible for getting processed by all BeanPostProcessors (for example: not eligible for auto-proxying)
2023-03-12 10:20:08.166 [main] INFO  o.s.c.s.PostProcessorRegistrationDelegate$BeanPostProcessorChecker:376 - Bean 'jimuReportShareDao' of type [org.jeecgframework.minidao.factory.MiniDaoBeanFactory] is not eligible for getting processed by all BeanPostProcessors (for example: not eligible for auto-proxying)
2023-03-12 10:20:08.167 [main] INFO  o.s.c.s.PostProcessorRegistrationDelegate$BeanPostProcessorChecker:376 - Bean '(inner bean)#606b53a3#8' of type [org.jeecgframework.minidao.aop.MiniDaoHandler] is not eligible for getting processed by all BeanPostProcessors (for example: not eligible for auto-proxying)
2023-03-12 10:20:08.168 [main] INFO  o.s.c.s.PostProcessorRegistrationDelegate$BeanPostProcessorChecker:376 - Bean 'jimuReportMapDao' of type [org.jeecgframework.minidao.factory.MiniDaoBeanFactory] is not eligible for getting processed by all BeanPostProcessors (for example: not eligible for auto-proxying)
2023-03-12 10:20:08.169 [main] INFO  o.s.c.s.PostProcessorRegistrationDelegate$BeanPostProcessorChecker:376 - Bean '(inner bean)#606b53a3#7' of type [org.jeecgframework.minidao.aop.MiniDaoHandler] is not eligible for getting processed by all BeanPostProcessors (for example: not eligible for auto-proxying)
2023-03-12 10:20:08.170 [main] INFO  o.s.c.s.PostProcessorRegistrationDelegate$BeanPostProcessorChecker:376 - Bean 'jimuReportLinkDao' of type [org.jeecgframework.minidao.factory.MiniDaoBeanFactory] is not eligible for getting processed by all BeanPostProcessors (for example: not eligible for auto-proxying)
2023-03-12 10:20:08.171 [main] INFO  o.s.c.s.PostProcessorRegistrationDelegate$BeanPostProcessorChecker:376 - Bean '(inner bean)#606b53a3#6' of type [org.jeecgframework.minidao.aop.MiniDaoHandler] is not eligible for getting processed by all BeanPostProcessors (for example: not eligible for auto-proxying)
2023-03-12 10:20:08.172 [main] INFO  o.s.c.s.PostProcessorRegistrationDelegate$BeanPostProcessorChecker:376 - Bean 'jimuReportDictItemDao' of type [org.jeecgframework.minidao.factory.MiniDaoBeanFactory] is not eligible for getting processed by all BeanPostProcessors (for example: not eligible for auto-proxying)
2023-03-12 10:20:08.173 [main] INFO  o.s.c.s.PostProcessorRegistrationDelegate$BeanPostProcessorChecker:376 - Bean '(inner bean)#606b53a3#5' of type [org.jeecgframework.minidao.aop.MiniDaoHandler] is not eligible for getting processed by all BeanPostProcessors (for example: not eligible for auto-proxying)
2023-03-12 10:20:08.174 [main] INFO  o.s.c.s.PostProcessorRegistrationDelegate$BeanPostProcessorChecker:376 - Bean 'jimuReportDictDao' of type [org.jeecgframework.minidao.factory.MiniDaoBeanFactory] is not eligible for getting processed by all BeanPostProcessors (for example: not eligible for auto-proxying)
2023-03-12 10:20:08.175 [main] INFO  o.s.c.s.PostProcessorRegistrationDelegate$BeanPostProcessorChecker:376 - Bean '(inner bean)#606b53a3#4' of type [org.jeecgframework.minidao.aop.MiniDaoHandler] is not eligible for getting processed by all BeanPostProcessors (for example: not eligible for auto-proxying)
2023-03-12 10:20:08.176 [main] INFO  o.s.c.s.PostProcessorRegistrationDelegate$BeanPostProcessorChecker:376 - Bean 'jimuReportDbParamDao' of type [org.jeecgframework.minidao.factory.MiniDaoBeanFactory] is not eligible for getting processed by all BeanPostProcessors (for example: not eligible for auto-proxying)
2023-03-12 10:20:08.177 [main] INFO  o.s.c.s.PostProcessorRegistrationDelegate$BeanPostProcessorChecker:376 - Bean '(inner bean)#606b53a3#3' of type [org.jeecgframework.minidao.aop.MiniDaoHandler] is not eligible for getting processed by all BeanPostProcessors (for example: not eligible for auto-proxying)
2023-03-12 10:20:08.177 [main] INFO  o.s.c.s.PostProcessorRegistrationDelegate$BeanPostProcessorChecker:376 - Bean 'jimuReportDbFieldDao' of type [org.jeecgframework.minidao.factory.MiniDaoBeanFactory] is not eligible for getting processed by all BeanPostProcessors (for example: not eligible for auto-proxying)
2023-03-12 10:20:08.180 [main] INFO  o.s.c.s.PostProcessorRegistrationDelegate$BeanPostProcessorChecker:376 - Bean '(inner bean)#606b53a3#2' of type [org.jeecgframework.minidao.aop.MiniDaoHandler] is not eligible for getting processed by all BeanPostProcessors (for example: not eligible for auto-proxying)
2023-03-12 10:20:08.182 [main] INFO  o.s.c.s.PostProcessorRegistrationDelegate$BeanPostProcessorChecker:376 - Bean 'jimuReportDbDao' of type [org.jeecgframework.minidao.factory.MiniDaoBeanFactory] is not eligible for getting processed by all BeanPostProcessors (for example: not eligible for auto-proxying)
2023-03-12 10:20:08.183 [main] INFO  o.s.c.s.PostProcessorRegistrationDelegate$BeanPostProcessorChecker:376 - Bean '(inner bean)#606b53a3#1' of type [org.jeecgframework.minidao.aop.MiniDaoHandler] is not eligible for getting processed by all BeanPostProcessors (for example: not eligible for auto-proxying)
2023-03-12 10:20:08.184 [main] INFO  o.s.c.s.PostProcessorRegistrationDelegate$BeanPostProcessorChecker:376 - Bean 'jimuReportDataSourceDao' of type [org.jeecgframework.minidao.factory.MiniDaoBeanFactory] is not eligible for getting processed by all BeanPostProcessors (for example: not eligible for auto-proxying)
2023-03-12 10:20:08.186 [main] INFO  o.s.c.s.PostProcessorRegistrationDelegate$BeanPostProcessorChecker:376 - Bean '(inner bean)#606b53a3' of type [org.jeecgframework.minidao.aop.MiniDaoHandler] is not eligible for getting processed by all BeanPostProcessors (for example: not eligible for auto-proxying)
2023-03-12 10:20:08.187 [main] INFO  o.s.c.s.PostProcessorRegistrationDelegate$BeanPostProcessorChecker:376 - Bean 'jimuReportDao' of type [org.jeecgframework.minidao.factory.MiniDaoBeanFactory] is not eligible for getting processed by all BeanPostProcessors (for example: not eligible for auto-proxying)
2023-03-12 10:20:08.224 [main] INFO  o.s.c.s.PostProcessorRegistrationDelegate$BeanPostProcessorChecker:376 - Bean 'spring.redis-org.springframework.boot.autoconfigure.data.redis.RedisProperties' of type [org.springframework.boot.autoconfigure.data.redis.RedisProperties] is not eligible for getting processed by all BeanPostProcessors (for example: not eligible for auto-proxying)
2023-03-12 10:20:08.234 [main] INFO  o.s.c.s.PostProcessorRegistrationDelegate$BeanPostProcessorChecker:376 - Bean 'org.springframework.boot.autoconfigure.data.redis.LettuceConnectionConfiguration' of type [org.springframework.boot.autoconfigure.data.redis.LettuceConnectionConfiguration] is not eligible for getting processed by all BeanPostProcessors (for example: not eligible for auto-proxying)
2023-03-12 10:20:08.267 [main] INFO  o.s.c.s.PostProcessorRegistrationDelegate$BeanPostProcessorChecker:376 - Bean 'org.springframework.boot.actuate.autoconfigure.metrics.redis.LettuceMetricsAutoConfiguration' of type [org.springframework.boot.actuate.autoconfigure.metrics.redis.LettuceMetricsAutoConfiguration] is not eligible for getting processed by all BeanPostProcessors (for example: not eligible for auto-proxying)
2023-03-12 10:20:08.272 [main] INFO  o.s.c.s.PostProcessorRegistrationDelegate$BeanPostProcessorChecker:376 - Bean 'org.springframework.boot.actuate.autoconfigure.metrics.export.simple.SimpleMetricsExportAutoConfiguration' of type [org.springframework.boot.actuate.autoconfigure.metrics.export.simple.SimpleMetricsExportAutoConfiguration] is not eligible for getting processed by all BeanPostProcessors (for example: not eligible for auto-proxying)
2023-03-12 10:20:08.284 [main] INFO  o.s.c.s.PostProcessorRegistrationDelegate$BeanPostProcessorChecker:376 - Bean 'management.metrics.export.simple-org.springframework.boot.actuate.autoconfigure.metrics.export.simple.SimpleProperties' of type [org.springframework.boot.actuate.autoconfigure.metrics.export.simple.SimpleProperties] is not eligible for getting processed by all BeanPostProcessors (for example: not eligible for auto-proxying)
2023-03-12 10:20:08.292 [main] INFO  o.s.c.s.PostProcessorRegistrationDelegate$BeanPostProcessorChecker:376 - Bean 'simpleConfig' of type [org.springframework.boot.actuate.autoconfigure.metrics.export.simple.SimplePropertiesConfigAdapter] is not eligible for getting processed by all BeanPostProcessors (for example: not eligible for auto-proxying)
2023-03-12 10:20:08.297 [main] INFO  o.s.c.s.PostProcessorRegistrationDelegate$BeanPostProcessorChecker:376 - Bean 'org.springframework.boot.actuate.autoconfigure.metrics.MetricsAutoConfiguration' of type [org.springframework.boot.actuate.autoconfigure.metrics.MetricsAutoConfiguration] is not eligible for getting processed by all BeanPostProcessors (for example: not eligible for auto-proxying)
2023-03-12 10:20:08.302 [main] INFO  o.s.c.s.PostProcessorRegistrationDelegate$BeanPostProcessorChecker:376 - Bean 'micrometerClock' of type [io.micrometer.core.instrument.Clock$1] is not eligible for getting processed by all BeanPostProcessors (for example: not eligible for auto-proxying)
2023-03-12 10:20:08.336 [main] INFO  o.s.c.s.PostProcessorRegistrationDelegate$BeanPostProcessorChecker:376 - Bean 'simpleMeterRegistry' of type [io.micrometer.core.instrument.simple.SimpleMeterRegistry] is not eligible for getting processed by all BeanPostProcessors (for example: not eligible for auto-proxying)
2023-03-12 10:20:08.342 [main] INFO  o.s.c.s.PostProcessorRegistrationDelegate$BeanPostProcessorChecker:376 - Bean 'lettuceMetrics' of type [org.springframework.boot.actuate.autoconfigure.metrics.redis.LettuceMetricsAutoConfiguration$$Lambda$476/391823939] is not eligible for getting processed by all BeanPostProcessors (for example: not eligible for auto-proxying)
2023-03-12 10:20:08.572 [main] INFO  o.s.c.s.PostProcessorRegistrationDelegate$BeanPostProcessorChecker:376 - Bean 'lettuceClientResources' of type [io.lettuce.core.resource.DefaultClientResources] is not eligible for getting processed by all BeanPostProcessors (for example: not eligible for auto-proxying)
2023-03-12 10:20:08.734 [main] INFO  o.s.c.s.PostProcessorRegistrationDelegate$BeanPostProcessorChecker:376 - Bean 'redisConnectionFactory' of type [org.springframework.data.redis.connection.lettuce.LettuceConnectionFactory] is not eligible for getting processed by all BeanPostProcessors (for example: not eligible for auto-proxying)
2023-03-12 10:20:08.739 [main] INFO  o.s.c.s.PostProcessorRegistrationDelegate$BeanPostProcessorChecker:376 - Bean 'jeecgBaseConfig' of type [org.jeecg.config.JeecgBaseConfig] is not eligible for getting processed by all BeanPostProcessors (for example: not eligible for auto-proxying)
2023-03-12 10:20:08.741 [main] INFO  o.s.c.s.PostProcessorRegistrationDelegate$BeanPostProcessorChecker:376 - Bean 'shiroConfig' of type [org.jeecg.config.shiro.ShiroConfig$$EnhancerBySpringCGLIB$$6ef78840] is not eligible for getting processed by all BeanPostProcessors (for example: not eligible for auto-proxying)
2023-03-12 10:20:09.235 [main] INFO  o.s.c.s.PostProcessorRegistrationDelegate$BeanPostProcessorChecker:376 - Bean 'spring.datasource.dynamic-com.baomidou.dynamic.datasource.spring.boot.autoconfigure.DynamicDataSourceProperties' of type [com.baomidou.dynamic.datasource.spring.boot.autoconfigure.DynamicDataSourceProperties] is not eligible for getting processed by all BeanPostProcessors (for example: not eligible for auto-proxying)
2023-03-12 10:20:09.248 [main] INFO  o.s.c.s.PostProcessorRegistrationDelegate$BeanPostProcessorChecker:376 - Bean 'com.baomidou.dynamic.datasource.spring.boot.autoconfigure.DynamicDataSourceAutoConfiguration' of type [com.baomidou.dynamic.datasource.spring.boot.autoconfigure.DynamicDataSourceAutoConfiguration$$EnhancerBySpringCGLIB$$7949b118] is not eligible for getting processed by all BeanPostProcessors (for example: not eligible for auto-proxying)
2023-03-12 10:20:09.258 [main] INFO  o.s.c.s.PostProcessorRegistrationDelegate$BeanPostProcessorChecker:376 - Bean 'dsProcessor' of type [com.baomidou.dynamic.datasource.processor.DsHeaderProcessor] is not eligible for getting processed by all BeanPostProcessors (for example: not eligible for auto-proxying)
2023-03-12 10:20:09.358 [main] INFO  o.s.c.s.PostProcessorRegistrationDelegate$BeanPostProcessorChecker:376 - Bean 'shiroRealm' of type [org.jeecg.config.shiro.ShiroRealm] is not eligible for getting processed by all BeanPostProcessors (for example: not eligible for auto-proxying)
2023-03-12 10:20:10.126 [main] INFO  org.jeecg.config.shiro.ShiroConfig:230 - ===============(1)创建缓存管理器RedisCacheManager
2023-03-12 10:20:10.129 [main] INFO  org.jeecg.config.shiro.ShiroConfig:248 - ===============(2)创建RedisManager,连接Redis..
2023-03-12 10:20:10.144 [main] INFO  o.s.c.s.PostProcessorRegistrationDelegate$BeanPostProcessorChecker:376 - Bean 'redisManager' of type [org.crazycake.shiro.RedisManager] is not eligible for getting processed by all BeanPostProcessors (for example: not eligible for auto-proxying)
2023-03-12 10:20:10.193 [main] INFO  o.s.c.s.PostProcessorRegistrationDelegate$BeanPostProcessorChecker:376 - Bean 'securityManager' of type [org.apache.shiro.web.mgt.DefaultWebSecurityManager] is not eligible for getting processed by all BeanPostProcessors (for example: not eligible for auto-proxying)
2023-03-12 10:20:10.255 [main] INFO  o.s.c.s.PostProcessorRegistrationDelegate$BeanPostProcessorChecker:376 - Bean 'authorizationAttributeSourceAdvisor' of type [org.apache.shiro.spring.security.interceptor.AuthorizationAttributeSourceAdvisor] is not eligible for getting processed by all BeanPostProcessors (for example: not eligible for auto-proxying)
2023-03-12 10:20:10.352 [main] INFO  o.s.c.s.PostProcessorRegistrationDelegate$BeanPostProcessorChecker:376 - Bean 'org.apache.shiro.spring.boot.autoconfigure.ShiroBeanAutoConfiguration' of type [org.apache.shiro.spring.boot.autoconfigure.ShiroBeanAutoConfiguration$$EnhancerBySpringCGLIB$$22d41df7] is not eligible for getting processed by all BeanPostProcessors (for example: not eligible for auto-proxying)
2023-03-12 10:20:10.365 [main] INFO  o.s.c.s.PostProcessorRegistrationDelegate$BeanPostProcessorChecker:376 - Bean 'eventBus' of type [org.apache.shiro.event.support.DefaultEventBus] is not eligible for getting processed by all BeanPostProcessors (for example: not eligible for auto-proxying)
2023-03-12 10:20:11.027 [main] INFO  o.s.boot.web.embedded.tomcat.TomcatWebServer:108 - Tomcat initialized with port(s): 0 (http)
2023-03-12 10:20:11.042 [main] INFO  org.apache.coyote.http11.Http11NioProtocol:173 - Initializing ProtocolHandler ["http-nio-auto-1"]
2023-03-12 10:20:11.043 [main] INFO  org.apache.catalina.core.StandardService:173 - Starting service [Tomcat]
2023-03-12 10:20:11.043 [main] INFO  org.apache.catalina.core.StandardEngine:173 - Starting Servlet engine: [Apache Tomcat/9.0.60]
2023-03-12 10:20:11.209 [main] INFO  o.a.c.c.C.[Tomcat].[localhost].[/jeecg-boot]:173 - Initializing Spring embedded WebApplicationContext
2023-03-12 10:20:11.210 [main] INFO  o.s.b.w.s.c.ServletWebServerApplicationContext:290 - Root WebApplicationContext: initialization completed in 6388 ms
2023-03-12 10:20:11.670 [main] INFO  o.j.m.jmreport.config.init.JimuReportConfiguration:99 -  Init JimuReport Config [ Token Interceptor & Resource Locations ] 
2023-03-12 10:20:12.868 [main] INFO  com.alibaba.druid.pool.DruidDataSource:994 - {dataSource-1,master} inited
2023-03-12 10:20:12.869 [main] INFO  c.b.dynamic.datasource.DynamicRoutingDataSource:132 - dynamic-datasource - load a datasource named [master] success
2023-03-12 10:20:12.870 [main] INFO  c.b.dynamic.datasource.DynamicRoutingDataSource:237 - dynamic-datasource initial loaded [1] datasource,primary datasource named [master]
2023-03-12 10:20:13.381 [main] WARN  c.b.mybatisplus.core.metadata.TableInfoHelper:396 - This "id" is the table primary key by @TableId annotation in Class: "org.jeecg.modules.system.entity.CertificationManagementForm",So @TableField annotation will not work!
2023-03-12 10:20:14.648 [main] WARN  c.b.mybatisplus.core.metadata.TableInfoHelper:342 - Can not find table primary key in Class: "org.jeecg.modules.system.entity.TaskDatasTable".
2023-03-12 10:20:14.649 [main] WARN  c.b.mybatisplus.core.injector.DefaultSqlInjector:56 - class org.jeecg.modules.system.entity.TaskDatasTable ,Not found @TableId annotation, Cannot use Mybatis-Plus 'xxById' Method.
2023-03-12 10:20:14.684 [main] WARN  c.b.mybatisplus.core.metadata.TableInfoHelper:342 - Can not find table primary key in Class: "org.jeecg.modules.system.entity.TaskDetailsTable".
2023-03-12 10:20:14.685 [main] WARN  c.b.mybatisplus.core.injector.DefaultSqlInjector:56 - class org.jeecg.modules.system.entity.TaskDetailsTable ,Not found @TableId annotation, Cannot use Mybatis-Plus 'xxById' Method.
2023-03-12 10:20:14.747 [main] WARN  c.b.mybatisplus.core.metadata.TableInfoHelper:342 - Can not find table primary key in Class: "org.jeecg.modules.system.entity.TaskPathTable".
2023-03-12 10:20:14.748 [main] WARN  c.b.mybatisplus.core.injector.DefaultSqlInjector:56 - class org.jeecg.modules.system.entity.TaskPathTable ,Not found @TableId annotation, Cannot use Mybatis-Plus 'xxById' Method.
2023-03-12 10:20:16.564 [main] INFO  org.jeecg.common.modules.redis.config.RedisConfig:56 -  --- redis config init --- 
2023-03-12 10:20:18.459 [main] INFO  org.quartz.impl.StdSchedulerFactory:1220 - Using default implementation for ThreadExecutor
2023-03-12 10:20:18.465 [main] INFO  org.quartz.simpl.SimpleThreadPool:268 - Job execution threads will use class loader of thread: main
2023-03-12 10:20:18.516 [main] INFO  org.quartz.core.SchedulerSignalerImpl:61 - Initialized Scheduler Signaller of type: class org.quartz.core.SchedulerSignalerImpl
2023-03-12 10:20:18.517 [main] INFO  org.quartz.core.QuartzScheduler:229 - Quartz Scheduler v.2.3.2 created.
2023-03-12 10:20:18.536 [main] INFO  o.s.scheduling.quartz.LocalDataSourceJobStore:672 - Using db table-based data access locking (synchronization).
2023-03-12 10:20:18.547 [main] INFO  o.s.scheduling.quartz.LocalDataSourceJobStore:145 - JobStoreCMT initialized.
2023-03-12 10:20:18.549 [main] INFO  org.quartz.core.QuartzScheduler:294 - Scheduler meta-data: Quartz Scheduler (v2.3.2) 'MyScheduler' with instanceId 'DESKTOP-DKK06UJ1678587618464'
  Scheduler class: 'org.quartz.core.QuartzScheduler' - running locally.
  NOT STARTED.
  Currently in standby mode.
  Number of jobs executed: 0
  Using thread pool 'org.quartz.simpl.SimpleThreadPool' - with 10 threads.
  Using job-store 'org.springframework.scheduling.quartz.LocalDataSourceJobStore' - which supports persistence. and is clustered.

2023-03-12 10:20:18.551 [main] INFO  org.quartz.impl.StdSchedulerFactory:1374 - Quartz scheduler 'MyScheduler' initialized from an externally provided properties instance.
2023-03-12 10:20:18.551 [main] INFO  org.quartz.impl.StdSchedulerFactory:1378 - Quartz scheduler version: 2.3.2
2023-03-12 10:20:18.552 [main] INFO  org.quartz.core.QuartzScheduler:2293 - JobFactory set to: org.springframework.scheduling.quartz.SpringBeanJobFactory@514c6ca0
2023-03-12 10:20:21.767 [main] INFO  o.j.modules.jmreport.config.JmReportExecutorConfig:42 -  Init JimuReport Config [ 线程池 ] 
2023-03-12 10:20:23.372 [main] INFO  o.s.b.actuate.endpoint.web.EndpointLinksResolver:58 - Exposing 2 endpoint(s) beneath base path '/actuator'
2023-03-12 10:20:23.709 [main] INFO  org.jeecg.config.init.CodeGenerateDbConfig:46 -  Init CodeGenerate Config [ Get Db Config From application.yml ] 
2023-03-12 10:20:26.949 [main] INFO  org.apache.coyote.http11.Http11NioProtocol:173 - Starting ProtocolHandler ["http-nio-auto-1"]
2023-03-12 10:20:26.976 [main] INFO  o.s.boot.web.embedded.tomcat.TomcatWebServer:220 - Tomcat started on port(s): 50010 (http) with context path '/jeecg-boot'
2023-03-12 10:20:29.459 [main] INFO  o.s.scheduling.quartz.SchedulerFactoryBean:734 - Will start Quartz Scheduler [MyScheduler] in 1 seconds
2023-03-12 10:20:29.480 [main] INFO  org.jeecg.SampleTest:61 - Started SampleTest in 25.512 seconds (JVM running for 28.159)
2023-03-12 10:20:30.462 [Quartz Scheduler [MyScheduler]] INFO  o.s.scheduling.quartz.SchedulerFactoryBean:750 - Starting Quartz Scheduler now, after delay of 1 seconds
2023-03-12 10:20:30.798 [Quartz Scheduler [MyScheduler]] INFO  org.quartz.core.QuartzScheduler:547 - Scheduler MyScheduler_$_DESKTOP-DKK06UJ1678587618464 started.
2023-03-12 10:20:34.429 [SpringApplicationShutdownHook] INFO  org.quartz.core.QuartzScheduler:585 - Scheduler MyScheduler_$_DESKTOP-DKK06UJ1678587618464 paused.
2023-03-12 10:20:34.820 [SpringApplicationShutdownHook] INFO  o.s.scheduling.quartz.SchedulerFactoryBean:847 - Shutting down Quartz Scheduler
2023-03-12 10:20:34.820 [SpringApplicationShutdownHook] INFO  org.quartz.core.QuartzScheduler:666 - Scheduler MyScheduler_$_DESKTOP-DKK06UJ1678587618464 shutting down.
2023-03-12 10:20:34.820 [SpringApplicationShutdownHook] INFO  org.quartz.core.QuartzScheduler:585 - Scheduler MyScheduler_$_DESKTOP-DKK06UJ1678587618464 paused.
2023-03-12 10:20:34.821 [SpringApplicationShutdownHook] INFO  org.quartz.core.QuartzScheduler:740 - Scheduler MyScheduler_$_DESKTOP-DKK06UJ1678587618464 shutdown complete.
2023-03-12 10:20:34.827 [SpringApplicationShutdownHook] INFO  c.b.dynamic.datasource.DynamicRoutingDataSource:217 - dynamic-datasource start closing ....
2023-03-12 10:20:34.830 [SpringApplicationShutdownHook] INFO  com.alibaba.druid.pool.DruidDataSource:2029 - {dataSource-1} closing ...
2023-03-12 10:20:34.837 [SpringApplicationShutdownHook] INFO  com.alibaba.druid.pool.DruidDataSource:2101 - {dataSource-1} closed
2023-03-12 10:20:34.838 [SpringApplicationShutdownHook] INFO  c.b.dynamic.datasource.DynamicRoutingDataSource:221 - dynamic-datasource all closed success,bye
2023-03-12 20:23:22.506 [background-preinit] INFO  org.hibernate.validator.internal.util.Version:21 - HV000001: Hibernate Validator 6.2.3.Final
2023-03-12 20:23:22.540 [main] INFO  org.jeecg.SampleTest:55 - Starting SampleTest using Java 1.8.0_345 on DESKTOP-DKK06UJ with PID 24108 (started by 86135 in F:\jeecg-boot-master\jeecg-boot-master\jeecg-boot\jeecg-boot-module-system)
2023-03-12 20:23:22.541 [main] INFO  org.jeecg.SampleTest:646 - The following 1 profile is active: "dev"
2023-03-12 20:23:24.574 [main] INFO  o.s.d.r.config.RepositoryConfigurationDelegate:262 - Multiple Spring Data modules found, entering strict repository configuration mode!
2023-03-12 20:23:24.591 [main] INFO  o.s.d.r.config.RepositoryConfigurationDelegate:132 - Bootstrapping Spring Data Redis repositories in DEFAULT mode.
2023-03-12 20:23:24.693 [main] INFO  o.s.d.r.config.RepositoryConfigurationDelegate:201 - Finished Spring Data repository scanning in 87 ms. Found 0 Redis repository interfaces.
2023-03-12 20:23:24.869 [main] INFO  o.j.minidao.auto.MinidaoAutoConfiguration:23 -  ******************* init miniDao config [ begin ] *********************** 
2023-03-12 20:23:24.869 [main] INFO  o.j.minidao.auto.MinidaoAutoConfiguration:25 -  ------ minidao.base-package ------- org.jeecg.modules.jmreport.*
2023-03-12 20:23:24.871 [main] INFO  o.j.minidao.auto.MinidaoAutoConfiguration:42 -  *******************  init miniDao config  [ end ] *********************** 
2023-03-12 20:23:24.938 [main] INFO  o.j.minidao.factory.MiniDaoClassPathMapperScanner:48 - register minidao name is { org.jeecg.modules.jmreport.desreport.dao.JimuReportDao }
2023-03-12 20:23:24.940 [main] INFO  o.j.minidao.factory.MiniDaoClassPathMapperScanner:48 - register minidao name is { org.jeecg.modules.jmreport.desreport.dao.JimuReportDataSourceDao }
2023-03-12 20:23:24.940 [main] INFO  o.j.minidao.factory.MiniDaoClassPathMapperScanner:48 - register minidao name is { org.jeecg.modules.jmreport.desreport.dao.JimuReportDbDao }
2023-03-12 20:23:24.940 [main] INFO  o.j.minidao.factory.MiniDaoClassPathMapperScanner:48 - register minidao name is { org.jeecg.modules.jmreport.desreport.dao.JimuReportDbFieldDao }
2023-03-12 20:23:24.941 [main] INFO  o.j.minidao.factory.MiniDaoClassPathMapperScanner:48 - register minidao name is { org.jeecg.modules.jmreport.desreport.dao.JimuReportDbParamDao }
2023-03-12 20:23:24.941 [main] INFO  o.j.minidao.factory.MiniDaoClassPathMapperScanner:48 - register minidao name is { org.jeecg.modules.jmreport.desreport.dao.JimuReportDictDao }
2023-03-12 20:23:24.941 [main] INFO  o.j.minidao.factory.MiniDaoClassPathMapperScanner:48 - register minidao name is { org.jeecg.modules.jmreport.desreport.dao.JimuReportDictItemDao }
2023-03-12 20:23:24.941 [main] INFO  o.j.minidao.factory.MiniDaoClassPathMapperScanner:48 - register minidao name is { org.jeecg.modules.jmreport.desreport.dao.JimuReportLinkDao }
2023-03-12 20:23:24.941 [main] INFO  o.j.minidao.factory.MiniDaoClassPathMapperScanner:48 - register minidao name is { org.jeecg.modules.jmreport.desreport.dao.JimuReportMapDao }
2023-03-12 20:23:24.942 [main] INFO  o.j.minidao.factory.MiniDaoClassPathMapperScanner:48 - register minidao name is { org.jeecg.modules.jmreport.desreport.dao.JimuReportShareDao }
2023-03-12 20:23:25.580 [main] INFO  o.s.c.s.PostProcessorRegistrationDelegate$BeanPostProcessorChecker:376 - Bean '(inner bean)#7de6549d#9' of type [org.jeecgframework.minidao.aop.MiniDaoHandler] is not eligible for getting processed by all BeanPostProcessors (for example: not eligible for auto-proxying)
2023-03-12 20:23:25.581 [main] INFO  o.s.c.s.PostProcessorRegistrationDelegate$BeanPostProcessorChecker:376 - Bean 'jimuReportShareDao' of type [org.jeecgframework.minidao.factory.MiniDaoBeanFactory] is not eligible for getting processed by all BeanPostProcessors (for example: not eligible for auto-proxying)
2023-03-12 20:23:25.582 [main] INFO  o.s.c.s.PostProcessorRegistrationDelegate$BeanPostProcessorChecker:376 - Bean '(inner bean)#7de6549d#8' of type [org.jeecgframework.minidao.aop.MiniDaoHandler] is not eligible for getting processed by all BeanPostProcessors (for example: not eligible for auto-proxying)
2023-03-12 20:23:25.583 [main] INFO  o.s.c.s.PostProcessorRegistrationDelegate$BeanPostProcessorChecker:376 - Bean 'jimuReportMapDao' of type [org.jeecgframework.minidao.factory.MiniDaoBeanFactory] is not eligible for getting processed by all BeanPostProcessors (for example: not eligible for auto-proxying)
2023-03-12 20:23:25.584 [main] INFO  o.s.c.s.PostProcessorRegistrationDelegate$BeanPostProcessorChecker:376 - Bean '(inner bean)#7de6549d#7' of type [org.jeecgframework.minidao.aop.MiniDaoHandler] is not eligible for getting processed by all BeanPostProcessors (for example: not eligible for auto-proxying)
2023-03-12 20:23:25.584 [main] INFO  o.s.c.s.PostProcessorRegistrationDelegate$BeanPostProcessorChecker:376 - Bean 'jimuReportLinkDao' of type [org.jeecgframework.minidao.factory.MiniDaoBeanFactory] is not eligible for getting processed by all BeanPostProcessors (for example: not eligible for auto-proxying)
2023-03-12 20:23:25.585 [main] INFO  o.s.c.s.PostProcessorRegistrationDelegate$BeanPostProcessorChecker:376 - Bean '(inner bean)#7de6549d#6' of type [org.jeecgframework.minidao.aop.MiniDaoHandler] is not eligible for getting processed by all BeanPostProcessors (for example: not eligible for auto-proxying)
2023-03-12 20:23:25.586 [main] INFO  o.s.c.s.PostProcessorRegistrationDelegate$BeanPostProcessorChecker:376 - Bean 'jimuReportDictItemDao' of type [org.jeecgframework.minidao.factory.MiniDaoBeanFactory] is not eligible for getting processed by all BeanPostProcessors (for example: not eligible for auto-proxying)
2023-03-12 20:23:25.587 [main] INFO  o.s.c.s.PostProcessorRegistrationDelegate$BeanPostProcessorChecker:376 - Bean '(inner bean)#7de6549d#5' of type [org.jeecgframework.minidao.aop.MiniDaoHandler] is not eligible for getting processed by all BeanPostProcessors (for example: not eligible for auto-proxying)
2023-03-12 20:23:25.588 [main] INFO  o.s.c.s.PostProcessorRegistrationDelegate$BeanPostProcessorChecker:376 - Bean 'jimuReportDictDao' of type [org.jeecgframework.minidao.factory.MiniDaoBeanFactory] is not eligible for getting processed by all BeanPostProcessors (for example: not eligible for auto-proxying)
2023-03-12 20:23:25.589 [main] INFO  o.s.c.s.PostProcessorRegistrationDelegate$BeanPostProcessorChecker:376 - Bean '(inner bean)#7de6549d#4' of type [org.jeecgframework.minidao.aop.MiniDaoHandler] is not eligible for getting processed by all BeanPostProcessors (for example: not eligible for auto-proxying)
2023-03-12 20:23:25.589 [main] INFO  o.s.c.s.PostProcessorRegistrationDelegate$BeanPostProcessorChecker:376 - Bean 'jimuReportDbParamDao' of type [org.jeecgframework.minidao.factory.MiniDaoBeanFactory] is not eligible for getting processed by all BeanPostProcessors (for example: not eligible for auto-proxying)
2023-03-12 20:23:25.590 [main] INFO  o.s.c.s.PostProcessorRegistrationDelegate$BeanPostProcessorChecker:376 - Bean '(inner bean)#7de6549d#3' of type [org.jeecgframework.minidao.aop.MiniDaoHandler] is not eligible for getting processed by all BeanPostProcessors (for example: not eligible for auto-proxying)
2023-03-12 20:23:25.591 [main] INFO  o.s.c.s.PostProcessorRegistrationDelegate$BeanPostProcessorChecker:376 - Bean 'jimuReportDbFieldDao' of type [org.jeecgframework.minidao.factory.MiniDaoBeanFactory] is not eligible for getting processed by all BeanPostProcessors (for example: not eligible for auto-proxying)
2023-03-12 20:23:25.593 [main] INFO  o.s.c.s.PostProcessorRegistrationDelegate$BeanPostProcessorChecker:376 - Bean '(inner bean)#7de6549d#2' of type [org.jeecgframework.minidao.aop.MiniDaoHandler] is not eligible for getting processed by all BeanPostProcessors (for example: not eligible for auto-proxying)
2023-03-12 20:23:25.593 [main] INFO  o.s.c.s.PostProcessorRegistrationDelegate$BeanPostProcessorChecker:376 - Bean 'jimuReportDbDao' of type [org.jeecgframework.minidao.factory.MiniDaoBeanFactory] is not eligible for getting processed by all BeanPostProcessors (for example: not eligible for auto-proxying)
2023-03-12 20:23:25.594 [main] INFO  o.s.c.s.PostProcessorRegistrationDelegate$BeanPostProcessorChecker:376 - Bean '(inner bean)#7de6549d#1' of type [org.jeecgframework.minidao.aop.MiniDaoHandler] is not eligible for getting processed by all BeanPostProcessors (for example: not eligible for auto-proxying)
2023-03-12 20:23:25.595 [main] INFO  o.s.c.s.PostProcessorRegistrationDelegate$BeanPostProcessorChecker:376 - Bean 'jimuReportDataSourceDao' of type [org.jeecgframework.minidao.factory.MiniDaoBeanFactory] is not eligible for getting processed by all BeanPostProcessors (for example: not eligible for auto-proxying)
2023-03-12 20:23:25.596 [main] INFO  o.s.c.s.PostProcessorRegistrationDelegate$BeanPostProcessorChecker:376 - Bean '(inner bean)#7de6549d' of type [org.jeecgframework.minidao.aop.MiniDaoHandler] is not eligible for getting processed by all BeanPostProcessors (for example: not eligible for auto-proxying)
2023-03-12 20:23:25.596 [main] INFO  o.s.c.s.PostProcessorRegistrationDelegate$BeanPostProcessorChecker:376 - Bean 'jimuReportDao' of type [org.jeecgframework.minidao.factory.MiniDaoBeanFactory] is not eligible for getting processed by all BeanPostProcessors (for example: not eligible for auto-proxying)
2023-03-12 20:23:25.628 [main] INFO  o.s.c.s.PostProcessorRegistrationDelegate$BeanPostProcessorChecker:376 - Bean 'spring.redis-org.springframework.boot.autoconfigure.data.redis.RedisProperties' of type [org.springframework.boot.autoconfigure.data.redis.RedisProperties] is not eligible for getting processed by all BeanPostProcessors (for example: not eligible for auto-proxying)
2023-03-12 20:23:25.639 [main] INFO  o.s.c.s.PostProcessorRegistrationDelegate$BeanPostProcessorChecker:376 - Bean 'org.springframework.boot.autoconfigure.data.redis.LettuceConnectionConfiguration' of type [org.springframework.boot.autoconfigure.data.redis.LettuceConnectionConfiguration] is not eligible for getting processed by all BeanPostProcessors (for example: not eligible for auto-proxying)
2023-03-12 20:23:25.659 [main] INFO  o.s.c.s.PostProcessorRegistrationDelegate$BeanPostProcessorChecker:376 - Bean 'org.springframework.boot.actuate.autoconfigure.metrics.redis.LettuceMetricsAutoConfiguration' of type [org.springframework.boot.actuate.autoconfigure.metrics.redis.LettuceMetricsAutoConfiguration] is not eligible for getting processed by all BeanPostProcessors (for example: not eligible for auto-proxying)
2023-03-12 20:23:25.663 [main] INFO  o.s.c.s.PostProcessorRegistrationDelegate$BeanPostProcessorChecker:376 - Bean 'org.springframework.boot.actuate.autoconfigure.metrics.export.simple.SimpleMetricsExportAutoConfiguration' of type [org.springframework.boot.actuate.autoconfigure.metrics.export.simple.SimpleMetricsExportAutoConfiguration] is not eligible for getting processed by all BeanPostProcessors (for example: not eligible for auto-proxying)
2023-03-12 20:23:25.672 [main] INFO  o.s.c.s.PostProcessorRegistrationDelegate$BeanPostProcessorChecker:376 - Bean 'management.metrics.export.simple-org.springframework.boot.actuate.autoconfigure.metrics.export.simple.SimpleProperties' of type [org.springframework.boot.actuate.autoconfigure.metrics.export.simple.SimpleProperties] is not eligible for getting processed by all BeanPostProcessors (for example: not eligible for auto-proxying)
2023-03-12 20:23:25.680 [main] INFO  o.s.c.s.PostProcessorRegistrationDelegate$BeanPostProcessorChecker:376 - Bean 'simpleConfig' of type [org.springframework.boot.actuate.autoconfigure.metrics.export.simple.SimplePropertiesConfigAdapter] is not eligible for getting processed by all BeanPostProcessors (for example: not eligible for auto-proxying)
2023-03-12 20:23:25.684 [main] INFO  o.s.c.s.PostProcessorRegistrationDelegate$BeanPostProcessorChecker:376 - Bean 'org.springframework.boot.actuate.autoconfigure.metrics.MetricsAutoConfiguration' of type [org.springframework.boot.actuate.autoconfigure.metrics.MetricsAutoConfiguration] is not eligible for getting processed by all BeanPostProcessors (for example: not eligible for auto-proxying)
2023-03-12 20:23:25.687 [main] INFO  o.s.c.s.PostProcessorRegistrationDelegate$BeanPostProcessorChecker:376 - Bean 'micrometerClock' of type [io.micrometer.core.instrument.Clock$1] is not eligible for getting processed by all BeanPostProcessors (for example: not eligible for auto-proxying)
2023-03-12 20:23:25.710 [main] INFO  o.s.c.s.PostProcessorRegistrationDelegate$BeanPostProcessorChecker:376 - Bean 'simpleMeterRegistry' of type [io.micrometer.core.instrument.simple.SimpleMeterRegistry] is not eligible for getting processed by all BeanPostProcessors (for example: not eligible for auto-proxying)
2023-03-12 20:23:25.714 [main] INFO  o.s.c.s.PostProcessorRegistrationDelegate$BeanPostProcessorChecker:376 - Bean 'lettuceMetrics' of type [org.springframework.boot.actuate.autoconfigure.metrics.redis.LettuceMetricsAutoConfiguration$$Lambda$476/495708089] is not eligible for getting processed by all BeanPostProcessors (for example: not eligible for auto-proxying)
2023-03-12 20:23:25.939 [main] INFO  o.s.c.s.PostProcessorRegistrationDelegate$BeanPostProcessorChecker:376 - Bean 'lettuceClientResources' of type [io.lettuce.core.resource.DefaultClientResources] is not eligible for getting processed by all BeanPostProcessors (for example: not eligible for auto-proxying)
2023-03-12 20:23:26.082 [main] INFO  o.s.c.s.PostProcessorRegistrationDelegate$BeanPostProcessorChecker:376 - Bean 'redisConnectionFactory' of type [org.springframework.data.redis.connection.lettuce.LettuceConnectionFactory] is not eligible for getting processed by all BeanPostProcessors (for example: not eligible for auto-proxying)
2023-03-12 20:23:26.088 [main] INFO  o.s.c.s.PostProcessorRegistrationDelegate$BeanPostProcessorChecker:376 - Bean 'jeecgBaseConfig' of type [org.jeecg.config.JeecgBaseConfig] is not eligible for getting processed by all BeanPostProcessors (for example: not eligible for auto-proxying)
2023-03-12 20:23:26.089 [main] INFO  o.s.c.s.PostProcessorRegistrationDelegate$BeanPostProcessorChecker:376 - Bean 'shiroConfig' of type [org.jeecg.config.shiro.ShiroConfig$$EnhancerBySpringCGLIB$$5ef96d36] is not eligible for getting processed by all BeanPostProcessors (for example: not eligible for auto-proxying)
2023-03-12 20:23:26.502 [main] INFO  o.s.c.s.PostProcessorRegistrationDelegate$BeanPostProcessorChecker:376 - Bean 'spring.datasource.dynamic-com.baomidou.dynamic.datasource.spring.boot.autoconfigure.DynamicDataSourceProperties' of type [com.baomidou.dynamic.datasource.spring.boot.autoconfigure.DynamicDataSourceProperties] is not eligible for getting processed by all BeanPostProcessors (for example: not eligible for auto-proxying)
2023-03-12 20:23:26.514 [main] INFO  o.s.c.s.PostProcessorRegistrationDelegate$BeanPostProcessorChecker:376 - Bean 'com.baomidou.dynamic.datasource.spring.boot.autoconfigure.DynamicDataSourceAutoConfiguration' of type [com.baomidou.dynamic.datasource.spring.boot.autoconfigure.DynamicDataSourceAutoConfiguration$$EnhancerBySpringCGLIB$$694b960e] is not eligible for getting processed by all BeanPostProcessors (for example: not eligible for auto-proxying)
2023-03-12 20:23:26.526 [main] INFO  o.s.c.s.PostProcessorRegistrationDelegate$BeanPostProcessorChecker:376 - Bean 'dsProcessor' of type [com.baomidou.dynamic.datasource.processor.DsHeaderProcessor] is not eligible for getting processed by all BeanPostProcessors (for example: not eligible for auto-proxying)
2023-03-12 20:23:26.617 [main] INFO  o.s.c.s.PostProcessorRegistrationDelegate$BeanPostProcessorChecker:376 - Bean 'shiroRealm' of type [org.jeecg.config.shiro.ShiroRealm] is not eligible for getting processed by all BeanPostProcessors (for example: not eligible for auto-proxying)
2023-03-12 20:23:27.164 [main] INFO  org.jeecg.config.shiro.ShiroConfig:230 - ===============(1)创建缓存管理器RedisCacheManager
2023-03-12 20:23:27.166 [main] INFO  org.jeecg.config.shiro.ShiroConfig:248 - ===============(2)创建RedisManager,连接Redis..
2023-03-12 20:23:27.273 [main] INFO  o.s.c.s.PostProcessorRegistrationDelegate$BeanPostProcessorChecker:376 - Bean 'redisManager' of type [org.crazycake.shiro.RedisManager] is not eligible for getting processed by all BeanPostProcessors (for example: not eligible for auto-proxying)
2023-03-12 20:23:27.299 [main] INFO  o.s.c.s.PostProcessorRegistrationDelegate$BeanPostProcessorChecker:376 - Bean 'securityManager' of type [org.apache.shiro.web.mgt.DefaultWebSecurityManager] is not eligible for getting processed by all BeanPostProcessors (for example: not eligible for auto-proxying)
2023-03-12 20:23:27.345 [main] INFO  o.s.c.s.PostProcessorRegistrationDelegate$BeanPostProcessorChecker:376 - Bean 'authorizationAttributeSourceAdvisor' of type [org.apache.shiro.spring.security.interceptor.AuthorizationAttributeSourceAdvisor] is not eligible for getting processed by all BeanPostProcessors (for example: not eligible for auto-proxying)
2023-03-12 20:23:27.397 [main] INFO  o.s.c.s.PostProcessorRegistrationDelegate$BeanPostProcessorChecker:376 - Bean 'org.apache.shiro.spring.boot.autoconfigure.ShiroBeanAutoConfiguration' of type [org.apache.shiro.spring.boot.autoconfigure.ShiroBeanAutoConfiguration$$EnhancerBySpringCGLIB$$12d602ed] is not eligible for getting processed by all BeanPostProcessors (for example: not eligible for auto-proxying)
2023-03-12 20:23:27.406 [main] INFO  o.s.c.s.PostProcessorRegistrationDelegate$BeanPostProcessorChecker:376 - Bean 'eventBus' of type [org.apache.shiro.event.support.DefaultEventBus] is not eligible for getting processed by all BeanPostProcessors (for example: not eligible for auto-proxying)
2023-03-12 20:23:27.917 [main] INFO  o.s.boot.web.embedded.tomcat.TomcatWebServer:108 - Tomcat initialized with port(s): 0 (http)
2023-03-12 20:23:27.933 [main] INFO  org.apache.coyote.http11.Http11NioProtocol:173 - Initializing ProtocolHandler ["http-nio-auto-1"]
2023-03-12 20:23:27.934 [main] INFO  org.apache.catalina.core.StandardService:173 - Starting service [Tomcat]
2023-03-12 20:23:27.934 [main] INFO  org.apache.catalina.core.StandardEngine:173 - Starting Servlet engine: [Apache Tomcat/9.0.60]
2023-03-12 20:23:28.076 [main] INFO  o.a.c.c.C.[Tomcat].[localhost].[/jeecg-boot]:173 - Initializing Spring embedded WebApplicationContext
2023-03-12 20:23:28.077 [main] INFO  o.s.b.w.s.c.ServletWebServerApplicationContext:290 - Root WebApplicationContext: initialization completed in 5498 ms
2023-03-12 20:23:28.434 [main] INFO  o.j.m.jmreport.config.init.JimuReportConfiguration:99 -  Init JimuReport Config [ Token Interceptor & Resource Locations ] 
2023-03-12 20:23:29.340 [main] INFO  com.alibaba.druid.pool.DruidDataSource:994 - {dataSource-1,master} inited
2023-03-12 20:23:29.342 [main] INFO  c.b.dynamic.datasource.DynamicRoutingDataSource:132 - dynamic-datasource - load a datasource named [master] success
2023-03-12 20:23:29.342 [main] INFO  c.b.dynamic.datasource.DynamicRoutingDataSource:237 - dynamic-datasource initial loaded [1] datasource,primary datasource named [master]
2023-03-12 20:23:29.722 [main] WARN  c.b.mybatisplus.core.metadata.TableInfoHelper:396 - This "id" is the table primary key by @TableId annotation in Class: "org.jeecg.modules.system.entity.CertificationManagementForm",So @TableField annotation will not work!
2023-03-12 20:23:30.630 [main] WARN  c.b.mybatisplus.core.metadata.TableInfoHelper:342 - Can not find table primary key in Class: "org.jeecg.modules.system.entity.TaskDatasTable".
2023-03-12 20:23:30.631 [main] WARN  c.b.mybatisplus.core.injector.DefaultSqlInjector:56 - class org.jeecg.modules.system.entity.TaskDatasTable ,Not found @TableId annotation, Cannot use Mybatis-Plus 'xxById' Method.
2023-03-12 20:23:30.651 [main] WARN  c.b.mybatisplus.core.metadata.TableInfoHelper:342 - Can not find table primary key in Class: "org.jeecg.modules.system.entity.TaskDetailsTable".
2023-03-12 20:23:30.651 [main] WARN  c.b.mybatisplus.core.injector.DefaultSqlInjector:56 - class org.jeecg.modules.system.entity.TaskDetailsTable ,Not found @TableId annotation, Cannot use Mybatis-Plus 'xxById' Method.
2023-03-12 20:23:30.701 [main] WARN  c.b.mybatisplus.core.metadata.TableInfoHelper:342 - Can not find table primary key in Class: "org.jeecg.modules.system.entity.TaskPathTable".
2023-03-12 20:23:30.701 [main] WARN  c.b.mybatisplus.core.injector.DefaultSqlInjector:56 - class org.jeecg.modules.system.entity.TaskPathTable ,Not found @TableId annotation, Cannot use Mybatis-Plus 'xxById' Method.
2023-03-12 20:23:32.150 [main] INFO  org.jeecg.common.modules.redis.config.RedisConfig:56 -  --- redis config init --- 
2023-03-12 20:23:34.174 [main] INFO  org.quartz.impl.StdSchedulerFactory:1220 - Using default implementation for ThreadExecutor
2023-03-12 20:23:34.179 [main] INFO  org.quartz.simpl.SimpleThreadPool:268 - Job execution threads will use class loader of thread: main
2023-03-12 20:23:34.193 [main] INFO  org.quartz.core.SchedulerSignalerImpl:61 - Initialized Scheduler Signaller of type: class org.quartz.core.SchedulerSignalerImpl
2023-03-12 20:23:34.194 [main] INFO  org.quartz.core.QuartzScheduler:229 - Quartz Scheduler v.2.3.2 created.
2023-03-12 20:23:34.198 [main] INFO  o.s.scheduling.quartz.LocalDataSourceJobStore:672 - Using db table-based data access locking (synchronization).
2023-03-12 20:23:34.200 [main] INFO  o.s.scheduling.quartz.LocalDataSourceJobStore:145 - JobStoreCMT initialized.
2023-03-12 20:23:34.202 [main] INFO  org.quartz.core.QuartzScheduler:294 - Scheduler meta-data: Quartz Scheduler (v2.3.2) 'MyScheduler' with instanceId 'DESKTOP-DKK06UJ1678623814178'
  Scheduler class: 'org.quartz.core.QuartzScheduler' - running locally.
  NOT STARTED.
  Currently in standby mode.
  Number of jobs executed: 0
  Using thread pool 'org.quartz.simpl.SimpleThreadPool' - with 10 threads.
  Using job-store 'org.springframework.scheduling.quartz.LocalDataSourceJobStore' - which supports persistence. and is clustered.

2023-03-12 20:23:34.202 [main] INFO  org.quartz.impl.StdSchedulerFactory:1374 - Quartz scheduler 'MyScheduler' initialized from an externally provided properties instance.
2023-03-12 20:23:34.202 [main] INFO  org.quartz.impl.StdSchedulerFactory:1378 - Quartz scheduler version: 2.3.2
2023-03-12 20:23:34.203 [main] INFO  org.quartz.core.QuartzScheduler:2293 - JobFactory set to: org.springframework.scheduling.quartz.SpringBeanJobFactory@21e15093
2023-03-12 20:23:37.404 [main] INFO  o.j.modules.jmreport.config.JmReportExecutorConfig:42 -  Init JimuReport Config [ 线程池 ] 
2023-03-12 20:23:38.838 [main] INFO  o.s.b.actuate.endpoint.web.EndpointLinksResolver:58 - Exposing 2 endpoint(s) beneath base path '/actuator'
2023-03-12 20:23:39.030 [main] INFO  org.jeecg.config.init.CodeGenerateDbConfig:46 -  Init CodeGenerate Config [ Get Db Config From application.yml ] 
2023-03-12 20:23:41.025 [main] INFO  org.apache.coyote.http11.Http11NioProtocol:173 - Starting ProtocolHandler ["http-nio-auto-1"]
2023-03-12 20:23:41.047 [main] INFO  o.s.boot.web.embedded.tomcat.TomcatWebServer:220 - Tomcat started on port(s): 54269 (http) with context path '/jeecg-boot'
2023-03-12 20:23:43.049 [main] INFO  o.s.scheduling.quartz.SchedulerFactoryBean:734 - Will start Quartz Scheduler [MyScheduler] in 1 seconds
2023-03-12 20:23:43.065 [main] INFO  org.jeecg.SampleTest:61 - Started SampleTest in 21.247 seconds (JVM running for 23.496)
2023-03-12 20:23:44.060 [Quartz Scheduler [MyScheduler]] INFO  o.s.scheduling.quartz.SchedulerFactoryBean:750 - Starting Quartz Scheduler now, after delay of 1 seconds
2023-03-12 20:23:44.383 [Quartz Scheduler [MyScheduler]] INFO  org.quartz.core.QuartzScheduler:547 - Scheduler MyScheduler_$_DESKTOP-DKK06UJ1678623814178 started.
2023-03-12 20:23:54.606 [SpringApplicationShutdownHook] INFO  org.quartz.core.QuartzScheduler:585 - Scheduler MyScheduler_$_DESKTOP-DKK06UJ1678623814178 paused.
2023-03-12 20:23:55.032 [SpringApplicationShutdownHook] INFO  o.s.scheduling.quartz.SchedulerFactoryBean:847 - Shutting down Quartz Scheduler
2023-03-12 20:23:55.032 [SpringApplicationShutdownHook] INFO  org.quartz.core.QuartzScheduler:666 - Scheduler MyScheduler_$_DESKTOP-DKK06UJ1678623814178 shutting down.
2023-03-12 20:23:55.032 [SpringApplicationShutdownHook] INFO  org.quartz.core.QuartzScheduler:585 - Scheduler MyScheduler_$_DESKTOP-DKK06UJ1678623814178 paused.
2023-03-12 20:23:55.033 [SpringApplicationShutdownHook] INFO  org.quartz.core.QuartzScheduler:740 - Scheduler MyScheduler_$_DESKTOP-DKK06UJ1678623814178 shutdown complete.
2023-03-12 20:23:55.040 [SpringApplicationShutdownHook] INFO  c.b.dynamic.datasource.DynamicRoutingDataSource:217 - dynamic-datasource start closing ....
2023-03-12 20:23:55.042 [SpringApplicationShutdownHook] INFO  com.alibaba.druid.pool.DruidDataSource:2029 - {dataSource-1} closing ...
2023-03-12 20:23:55.052 [SpringApplicationShutdownHook] INFO  com.alibaba.druid.pool.DruidDataSource:2101 - {dataSource-1} closed
2023-03-12 20:23:55.053 [SpringApplicationShutdownHook] INFO  c.b.dynamic.datasource.DynamicRoutingDataSource:221 - dynamic-datasource all closed success,bye
